build/app/intermediates/manifest_merge_blame_file/release/manifest-merger-blame-release-report.txt
1<?xml version="1.0" encoding="utf-8"?>
2<manifest xmlns:android="http://schemas.android.com/apk/res/android"
3    package="com.example.contact"
4    android:versionCode="4001"
5    android:versionName="1.0.0" >
6
7    <uses-sdk
8        android:minSdkVersion="21"
8-->src/main/AndroidManifest.xml
9        android:targetSdkVersion="33" />
9-->src/main/AndroidManifest.xml
10    <!-- Provide required visibility configuration for API level 30 and above -->
11    <queries>
11-->src/main/AndroidManifest.xml:3:1-18:11
12
13        <!-- If your app checks for SMS support -->
14        <intent>
14-->src/main/AndroidManifest.xml:5:3-8:12
15            <action android:name="android.intent.action.VIEW" />
15-->src/main/AndroidManifest.xml:6:5-57
15-->src/main/AndroidManifest.xml:6:13-54
16
17            <data android:scheme="sms" />
17-->src/main/AndroidManifest.xml:7:5-34
17-->src/main/AndroidManifest.xml:7:11-31
18        </intent>
19        <!-- If your app checks for call support -->
20        <intent>
20-->src/main/AndroidManifest.xml:10:3-13:12
21            <action android:name="android.intent.action.VIEW" />
21-->src/main/AndroidManifest.xml:6:5-57
21-->src/main/AndroidManifest.xml:6:13-54
22
23            <data android:scheme="tel" />
23-->src/main/AndroidManifest.xml:7:5-34
23-->src/main/AndroidManifest.xml:7:11-31
24        </intent>
25        <!-- If your application checks for inAppBrowserView launch mode support -->
26        <intent>
26-->src/main/AndroidManifest.xml:15:3-17:12
27            <action android:name="android.support.customtabs.action.CustomTabsService" />
27-->src/main/AndroidManifest.xml:16:5-82
27-->src/main/AndroidManifest.xml:16:13-79
28        </intent>
29    </queries>
30    <!--
31         Required to query activities that can process text, see:
32         https://developer.android.com/training/package-visibility?hl=en and
33         https://developer.android.com/reference/android/content/Intent#ACTION_PROCESS_TEXT.
34
35         In particular, this is used by the Flutter engine in io.flutter.plugin.text.ProcessTextPlugin.
36    -->
37    <queries>
37-->src/main/AndroidManifest.xml:3:1-18:11
38        <intent>
38-->src/main/AndroidManifest.xml:57:9-60:18
39            <action android:name="android.intent.action.PROCESS_TEXT" />
39-->src/main/AndroidManifest.xml:58:13-72
39-->src/main/AndroidManifest.xml:58:21-70
40
41            <data android:mimeType="text/plain" />
41-->src/main/AndroidManifest.xml:7:5-34
41-->src/main/AndroidManifest.xml:59:19-48
42        </intent>
43    </queries>
44
45    <uses-permission android:name="android.permission.ACCESS_NETWORK_STATE" />
45-->[:firebase_analytics] AndroidManifest.xml:9:5-79
45-->[:firebase_analytics] AndroidManifest.xml:9:22-76
46    <uses-permission android:name="android.permission.INTERNET" />
46-->[:firebase_analytics] AndroidManifest.xml:10:5-67
46-->[:firebase_analytics] AndroidManifest.xml:10:22-64
47    <uses-permission android:name="android.permission.WAKE_LOCK" /> <!-- Permissions options for the `notification` group -->
47-->[:firebase_analytics] AndroidManifest.xml:11:5-68
47-->[:firebase_analytics] AndroidManifest.xml:11:22-65
48    <uses-permission android:name="android.permission.POST_NOTIFICATIONS" />
48-->[:firebase_messaging] AndroidManifest.xml:13:5-77
48-->[:firebase_messaging] AndroidManifest.xml:13:22-74
49    <uses-permission android:name="android.permission.VIBRATE" /> <!-- Required by older versions of Google Play services to create IID tokens -->
49-->[:flutter_local_notifications] AndroidManifest.xml:9:5-66
49-->[:flutter_local_notifications] AndroidManifest.xml:9:22-63
50    <uses-permission android:name="com.google.android.c2dm.permission.RECEIVE" />
50-->[com.google.firebase:firebase-messaging:23.4.1] AndroidManifest.xml:26:5-82
50-->[com.google.firebase:firebase-messaging:23.4.1] AndroidManifest.xml:26:22-79
51    <uses-permission android:name="com.google.android.gms.permission.AD_ID" />
51-->[com.google.android.gms:play-services-measurement-api:21.5.1] AndroidManifest.xml:25:5-79
51-->[com.google.android.gms:play-services-measurement-api:21.5.1] AndroidManifest.xml:25:22-76
52    <uses-permission android:name="android.permission.ACCESS_ADSERVICES_ATTRIBUTION" />
52-->[com.google.android.gms:play-services-measurement-api:21.5.1] AndroidManifest.xml:26:5-88
52-->[com.google.android.gms:play-services-measurement-api:21.5.1] AndroidManifest.xml:26:22-85
53    <uses-permission android:name="android.permission.ACCESS_ADSERVICES_AD_ID" />
53-->[com.google.android.gms:play-services-measurement-api:21.5.1] AndroidManifest.xml:27:5-82
53-->[com.google.android.gms:play-services-measurement-api:21.5.1] AndroidManifest.xml:27:22-79
54    <uses-permission android:name="com.google.android.finsky.permission.BIND_GET_INSTALL_REFERRER_SERVICE" />
54-->[com.google.android.gms:play-services-measurement:21.5.1] AndroidManifest.xml:26:5-110
54-->[com.google.android.gms:play-services-measurement:21.5.1] AndroidManifest.xml:26:22-107
55
56    <permission
56-->[androidx.core:core:1.10.1] AndroidManifest.xml:22:5-24:47
57        android:name="com.example.contact.DYNAMIC_RECEIVER_NOT_EXPORTED_PERMISSION"
57-->[androidx.core:core:1.10.1] AndroidManifest.xml:23:9-81
58        android:protectionLevel="signature" />
58-->[androidx.core:core:1.10.1] AndroidManifest.xml:24:9-44
59
60    <uses-permission android:name="com.example.contact.DYNAMIC_RECEIVER_NOT_EXPORTED_PERMISSION" />
60-->[androidx.core:core:1.10.1] AndroidManifest.xml:26:5-97
60-->[androidx.core:core:1.10.1] AndroidManifest.xml:26:22-94
61
62    <application
63        android:name="android.app.Application"
63-->src/main/AndroidManifest.xml:21:9-42
64        android:appComponentFactory="androidx.core.app.CoreComponentFactory"
64-->[androidx.core:core:1.10.1] AndroidManifest.xml:28:18-86
65        android:icon="@mipmap/ic_launcher"
65-->src/main/AndroidManifest.xml:22:9-43
66        android:label="contact" >
66-->src/main/AndroidManifest.xml:20:9-32
67        <activity
67-->src/main/AndroidManifest.xml:23:9-44:20
68            android:name="com.example.contact.MainActivity"
68-->src/main/AndroidManifest.xml:24:13-41
69            android:configChanges="orientation|keyboardHidden|keyboard|screenSize|smallestScreenSize|locale|layoutDirection|fontScale|screenLayout|density|uiMode"
69-->src/main/AndroidManifest.xml:29:13-163
70            android:exported="true"
70-->src/main/AndroidManifest.xml:25:13-36
71            android:hardwareAccelerated="true"
71-->src/main/AndroidManifest.xml:30:13-47
72            android:launchMode="singleTop"
72-->src/main/AndroidManifest.xml:26:13-43
73            android:taskAffinity=""
73-->src/main/AndroidManifest.xml:27:13-36
74            android:theme="@style/LaunchTheme"
74-->src/main/AndroidManifest.xml:28:13-47
75            android:windowSoftInputMode="adjustResize" >
75-->src/main/AndroidManifest.xml:31:13-55
76
77            <!--
78                 Specifies an Android theme to apply to this Activity as soon as
79                 the Android process has started. This theme is visible to the user
80                 while the Flutter UI initializes. After that, this theme continues
81                 to determine the Window background behind the Flutter UI.
82            -->
83            <meta-data
83-->src/main/AndroidManifest.xml:36:13-39:17
84                android:name="io.flutter.embedding.android.NormalTheme"
84-->src/main/AndroidManifest.xml:37:15-70
85                android:resource="@style/NormalTheme" />
85-->src/main/AndroidManifest.xml:38:15-52
86
87            <intent-filter>
87-->src/main/AndroidManifest.xml:40:13-43:29
88                <action android:name="android.intent.action.MAIN" />
88-->src/main/AndroidManifest.xml:41:17-68
88-->src/main/AndroidManifest.xml:41:25-66
89
90                <category android:name="android.intent.category.LAUNCHER" />
90-->src/main/AndroidManifest.xml:42:17-76
90-->src/main/AndroidManifest.xml:42:27-74
91            </intent-filter>
92        </activity>
93        <!--
94             Don't delete the meta-data below.
95             This is used by the Flutter tool to generate GeneratedPluginRegistrant.java
96        -->
97        <meta-data
97-->src/main/AndroidManifest.xml:47:9-49:33
98            android:name="flutterEmbedding"
98-->src/main/AndroidManifest.xml:48:13-44
99            android:value="2" />
99-->src/main/AndroidManifest.xml:49:13-30
100
101        <service
101-->[:firebase_analytics] AndroidManifest.xml:14:9-18:19
102            android:name="com.google.firebase.components.ComponentDiscoveryService"
102-->[:firebase_analytics] AndroidManifest.xml:14:18-89
103            android:directBootAware="true"
103-->[com.google.firebase:firebase-common:20.4.2] AndroidManifest.xml:32:13-43
104            android:exported="false" >
104-->[com.google.firebase:firebase-messaging:23.4.1] AndroidManifest.xml:56:13-37
105            <meta-data
105-->[:firebase_analytics] AndroidManifest.xml:15:13-17:85
106                android:name="com.google.firebase.components:io.flutter.plugins.firebase.analytics.FlutterFirebaseAppRegistrar"
106-->[:firebase_analytics] AndroidManifest.xml:16:17-128
107                android:value="com.google.firebase.components.ComponentRegistrar" />
107-->[:firebase_analytics] AndroidManifest.xml:17:17-82
108            <meta-data
108-->[:firebase_messaging] AndroidManifest.xml:38:13-40:85
109                android:name="com.google.firebase.components:io.flutter.plugins.firebase.messaging.FlutterFirebaseAppRegistrar"
109-->[:firebase_messaging] AndroidManifest.xml:39:17-128
110                android:value="com.google.firebase.components.ComponentRegistrar" />
110-->[:firebase_messaging] AndroidManifest.xml:40:17-82
111            <meta-data
111-->[:firebase_core] AndroidManifest.xml:11:13-13:85
112                android:name="com.google.firebase.components:io.flutter.plugins.firebase.core.FlutterFirebaseCoreRegistrar"
112-->[:firebase_core] AndroidManifest.xml:12:17-124
113                android:value="com.google.firebase.components.ComponentRegistrar" />
113-->[:firebase_core] AndroidManifest.xml:13:17-82
114            <meta-data
114-->[com.google.firebase:firebase-messaging:23.4.1] AndroidManifest.xml:57:13-59:85
115                android:name="com.google.firebase.components:com.google.firebase.messaging.FirebaseMessagingKtxRegistrar"
115-->[com.google.firebase:firebase-messaging:23.4.1] AndroidManifest.xml:58:17-122
116                android:value="com.google.firebase.components.ComponentRegistrar" />
116-->[com.google.firebase:firebase-messaging:23.4.1] AndroidManifest.xml:59:17-82
117            <meta-data
117-->[com.google.firebase:firebase-messaging:23.4.1] AndroidManifest.xml:60:13-62:85
118                android:name="com.google.firebase.components:com.google.firebase.messaging.FirebaseMessagingRegistrar"
118-->[com.google.firebase:firebase-messaging:23.4.1] AndroidManifest.xml:61:17-119
119                android:value="com.google.firebase.components.ComponentRegistrar" />
119-->[com.google.firebase:firebase-messaging:23.4.1] AndroidManifest.xml:62:17-82
120            <meta-data
120-->[com.google.firebase:firebase-iid:21.1.0] AndroidManifest.xml:32:13-34:85
121                android:name="com.google.firebase.components:com.google.firebase.iid.Registrar"
121-->[com.google.firebase:firebase-iid:21.1.0] AndroidManifest.xml:33:17-96
122                android:value="com.google.firebase.components.ComponentRegistrar" />
122-->[com.google.firebase:firebase-iid:21.1.0] AndroidManifest.xml:34:17-82
123            <meta-data
123-->[com.google.android.gms:play-services-measurement-api:21.5.1] AndroidManifest.xml:37:13-39:85
124                android:name="com.google.firebase.components:com.google.firebase.analytics.connector.internal.AnalyticsConnectorRegistrar"
124-->[com.google.android.gms:play-services-measurement-api:21.5.1] AndroidManifest.xml:38:17-139
125                android:value="com.google.firebase.components.ComponentRegistrar" />
125-->[com.google.android.gms:play-services-measurement-api:21.5.1] AndroidManifest.xml:39:17-82
126            <meta-data
126-->[com.google.firebase:firebase-installations:17.2.0] AndroidManifest.xml:15:13-17:85
127                android:name="com.google.firebase.components:com.google.firebase.installations.FirebaseInstallationsKtxRegistrar"
127-->[com.google.firebase:firebase-installations:17.2.0] AndroidManifest.xml:16:17-130
128                android:value="com.google.firebase.components.ComponentRegistrar" />
128-->[com.google.firebase:firebase-installations:17.2.0] AndroidManifest.xml:17:17-82
129            <meta-data
129-->[com.google.firebase:firebase-installations:17.2.0] AndroidManifest.xml:18:13-20:85
130                android:name="com.google.firebase.components:com.google.firebase.installations.FirebaseInstallationsRegistrar"
130-->[com.google.firebase:firebase-installations:17.2.0] AndroidManifest.xml:19:17-127
131                android:value="com.google.firebase.components.ComponentRegistrar" />
131-->[com.google.firebase:firebase-installations:17.2.0] AndroidManifest.xml:20:17-82
132            <meta-data
132-->[com.google.firebase:firebase-common-ktx:20.4.2] AndroidManifest.xml:12:13-14:85
133                android:name="com.google.firebase.components:com.google.firebase.ktx.FirebaseCommonLegacyRegistrar"
133-->[com.google.firebase:firebase-common-ktx:20.4.2] AndroidManifest.xml:13:17-116
134                android:value="com.google.firebase.components.ComponentRegistrar" />
134-->[com.google.firebase:firebase-common-ktx:20.4.2] AndroidManifest.xml:14:17-82
135            <meta-data
135-->[com.google.firebase:firebase-common:20.4.2] AndroidManifest.xml:35:13-37:85
136                android:name="com.google.firebase.components:com.google.firebase.FirebaseCommonKtxRegistrar"
136-->[com.google.firebase:firebase-common:20.4.2] AndroidManifest.xml:36:17-109
137                android:value="com.google.firebase.components.ComponentRegistrar" />
137-->[com.google.firebase:firebase-common:20.4.2] AndroidManifest.xml:37:17-82
138            <meta-data
138-->[com.google.firebase:firebase-datatransport:18.1.7] AndroidManifest.xml:27:13-29:85
139                android:name="com.google.firebase.components:com.google.firebase.datatransport.TransportRegistrar"
139-->[com.google.firebase:firebase-datatransport:18.1.7] AndroidManifest.xml:28:17-115
140                android:value="com.google.firebase.components.ComponentRegistrar" />
140-->[com.google.firebase:firebase-datatransport:18.1.7] AndroidManifest.xml:29:17-82
141        </service>
142        <service
142-->[:firebase_messaging] AndroidManifest.xml:16:9-19:72
143            android:name="io.flutter.plugins.firebase.messaging.FlutterFirebaseMessagingBackgroundService"
143-->[:firebase_messaging] AndroidManifest.xml:17:13-107
144            android:exported="false"
144-->[:firebase_messaging] AndroidManifest.xml:18:13-37
145            android:permission="android.permission.BIND_JOB_SERVICE" />
145-->[:firebase_messaging] AndroidManifest.xml:19:13-69
146        <service
146-->[:firebase_messaging] AndroidManifest.xml:20:9-26:19
147            android:name="io.flutter.plugins.firebase.messaging.FlutterFirebaseMessagingService"
147-->[:firebase_messaging] AndroidManifest.xml:21:13-97
148            android:exported="false" >
148-->[:firebase_messaging] AndroidManifest.xml:22:13-37
149            <intent-filter>
149-->[:firebase_messaging] AndroidManifest.xml:23:13-25:29
150                <action android:name="com.google.firebase.MESSAGING_EVENT" />
150-->[:firebase_messaging] AndroidManifest.xml:24:17-78
150-->[:firebase_messaging] AndroidManifest.xml:24:25-75
151            </intent-filter>
152        </service>
153
154        <receiver
154-->[:firebase_messaging] AndroidManifest.xml:28:9-35:20
155            android:name="io.flutter.plugins.firebase.messaging.FlutterFirebaseMessagingReceiver"
155-->[:firebase_messaging] AndroidManifest.xml:29:13-98
156            android:exported="true"
156-->[:firebase_messaging] AndroidManifest.xml:30:13-36
157            android:permission="com.google.android.c2dm.permission.SEND" >
157-->[:firebase_messaging] AndroidManifest.xml:31:13-73
158            <intent-filter>
158-->[:firebase_messaging] AndroidManifest.xml:32:13-34:29
159                <action android:name="com.google.android.c2dm.intent.RECEIVE" />
159-->[:firebase_messaging] AndroidManifest.xml:33:17-81
159-->[:firebase_messaging] AndroidManifest.xml:33:25-78
160            </intent-filter>
161        </receiver>
162
163        <provider
163-->[:firebase_messaging] AndroidManifest.xml:43:9-47:38
164            android:name="io.flutter.plugins.firebase.messaging.FlutterFirebaseMessagingInitProvider"
164-->[:firebase_messaging] AndroidManifest.xml:44:13-102
165            android:authorities="com.example.contact.flutterfirebasemessaginginitprovider"
165-->[:firebase_messaging] AndroidManifest.xml:45:13-88
166            android:exported="false"
166-->[:firebase_messaging] AndroidManifest.xml:46:13-37
167            android:initOrder="99" />
167-->[:firebase_messaging] AndroidManifest.xml:47:13-35
168        <provider
168-->[:image_picker_android] AndroidManifest.xml:10:9-18:20
169            android:name="io.flutter.plugins.imagepicker.ImagePickerFileProvider"
169-->[:image_picker_android] AndroidManifest.xml:11:13-82
170            android:authorities="com.example.contact.flutter.image_provider"
170-->[:image_picker_android] AndroidManifest.xml:12:13-74
171            android:exported="false"
171-->[:image_picker_android] AndroidManifest.xml:13:13-37
172            android:grantUriPermissions="true" >
172-->[:image_picker_android] AndroidManifest.xml:14:13-47
173            <meta-data
173-->[:image_picker_android] AndroidManifest.xml:15:13-17:75
174                android:name="android.support.FILE_PROVIDER_PATHS"
174-->[:image_picker_android] AndroidManifest.xml:16:17-67
175                android:resource="@xml/flutter_image_picker_file_paths" />
175-->[:image_picker_android] AndroidManifest.xml:17:17-72
176        </provider>
177
178        <activity
178-->[:url_launcher_android] AndroidManifest.xml:10:9-13:74
179            android:name="io.flutter.plugins.urllauncher.WebViewActivity"
179-->[:url_launcher_android] AndroidManifest.xml:11:13-74
180            android:exported="false"
180-->[:url_launcher_android] AndroidManifest.xml:12:13-37
181            android:theme="@android:style/Theme.NoTitleBar.Fullscreen" />
181-->[:url_launcher_android] AndroidManifest.xml:13:13-71
182
183        <receiver
183-->[com.google.firebase:firebase-messaging:23.4.1] AndroidManifest.xml:29:9-40:20
184            android:name="com.google.firebase.iid.FirebaseInstanceIdReceiver"
184-->[com.google.firebase:firebase-messaging:23.4.1] AndroidManifest.xml:30:13-78
185            android:exported="true"
185-->[com.google.firebase:firebase-messaging:23.4.1] AndroidManifest.xml:31:13-36
186            android:permission="com.google.android.c2dm.permission.SEND" >
186-->[com.google.firebase:firebase-messaging:23.4.1] AndroidManifest.xml:32:13-73
187            <intent-filter>
187-->[:firebase_messaging] AndroidManifest.xml:32:13-34:29
188                <action android:name="com.google.android.c2dm.intent.RECEIVE" />
188-->[:firebase_messaging] AndroidManifest.xml:33:17-81
188-->[:firebase_messaging] AndroidManifest.xml:33:25-78
189            </intent-filter>
190
191            <meta-data
191-->[com.google.firebase:firebase-messaging:23.4.1] AndroidManifest.xml:37:13-39:40
192                android:name="com.google.android.gms.cloudmessaging.FINISHED_AFTER_HANDLED"
192-->[com.google.firebase:firebase-messaging:23.4.1] AndroidManifest.xml:38:17-92
193                android:value="true" />
193-->[com.google.firebase:firebase-messaging:23.4.1] AndroidManifest.xml:39:17-37
194        </receiver>
195        <!--
196             FirebaseMessagingService performs security checks at runtime,
197             but set to not exported to explicitly avoid allowing another app to call it.
198        -->
199        <service
199-->[com.google.firebase:firebase-messaging:23.4.1] AndroidManifest.xml:46:9-53:19
200            android:name="com.google.firebase.messaging.FirebaseMessagingService"
200-->[com.google.firebase:firebase-messaging:23.4.1] AndroidManifest.xml:47:13-82
201            android:directBootAware="true"
201-->[com.google.firebase:firebase-messaging:23.4.1] AndroidManifest.xml:48:13-43
202            android:exported="false" >
202-->[com.google.firebase:firebase-messaging:23.4.1] AndroidManifest.xml:49:13-37
203            <intent-filter android:priority="-500" >
203-->[:firebase_messaging] AndroidManifest.xml:23:13-25:29
204                <action android:name="com.google.firebase.MESSAGING_EVENT" />
204-->[:firebase_messaging] AndroidManifest.xml:24:17-78
204-->[:firebase_messaging] AndroidManifest.xml:24:25-75
205            </intent-filter>
206        </service>
207
208        <property
208-->[com.google.android.gms:play-services-measurement-api:21.5.1] AndroidManifest.xml:30:9-32:61
209            android:name="android.adservices.AD_SERVICES_CONFIG"
209-->[com.google.android.gms:play-services-measurement-api:21.5.1] AndroidManifest.xml:31:13-65
210            android:resource="@xml/ga_ad_services_config" />
210-->[com.google.android.gms:play-services-measurement-api:21.5.1] AndroidManifest.xml:32:13-58
211
212        <receiver
212-->[com.google.android.gms:play-services-measurement:21.5.1] AndroidManifest.xml:29:9-33:20
213            android:name="com.google.android.gms.measurement.AppMeasurementReceiver"
213-->[com.google.android.gms:play-services-measurement:21.5.1] AndroidManifest.xml:30:13-85
214            android:enabled="true"
214-->[com.google.android.gms:play-services-measurement:21.5.1] AndroidManifest.xml:31:13-35
215            android:exported="false" >
215-->[com.google.android.gms:play-services-measurement:21.5.1] AndroidManifest.xml:32:13-37
216        </receiver>
217
218        <service
218-->[com.google.android.gms:play-services-measurement:21.5.1] AndroidManifest.xml:35:9-38:40
219            android:name="com.google.android.gms.measurement.AppMeasurementService"
219-->[com.google.android.gms:play-services-measurement:21.5.1] AndroidManifest.xml:36:13-84
220            android:enabled="true"
220-->[com.google.android.gms:play-services-measurement:21.5.1] AndroidManifest.xml:37:13-35
221            android:exported="false" />
221-->[com.google.android.gms:play-services-measurement:21.5.1] AndroidManifest.xml:38:13-37
222        <service
222-->[com.google.android.gms:play-services-measurement:21.5.1] AndroidManifest.xml:39:9-43:72
223            android:name="com.google.android.gms.measurement.AppMeasurementJobService"
223-->[com.google.android.gms:play-services-measurement:21.5.1] AndroidManifest.xml:40:13-87
224            android:enabled="true"
224-->[com.google.android.gms:play-services-measurement:21.5.1] AndroidManifest.xml:41:13-35
225            android:exported="false"
225-->[com.google.android.gms:play-services-measurement:21.5.1] AndroidManifest.xml:42:13-37
226            android:permission="android.permission.BIND_JOB_SERVICE" />
226-->[com.google.android.gms:play-services-measurement:21.5.1] AndroidManifest.xml:43:13-69
227
228        <uses-library
228-->[androidx.privacysandbox.ads:ads-adservices:1.0.0-beta05] AndroidManifest.xml:23:9-25:40
229            android:name="android.ext.adservices"
229-->[androidx.privacysandbox.ads:ads-adservices:1.0.0-beta05] AndroidManifest.xml:24:13-50
230            android:required="false" />
230-->[androidx.privacysandbox.ads:ads-adservices:1.0.0-beta05] AndroidManifest.xml:25:13-37
231
232        <provider
232-->[com.google.firebase:firebase-common:20.4.2] AndroidManifest.xml:23:9-28:39
233            android:name="com.google.firebase.provider.FirebaseInitProvider"
233-->[com.google.firebase:firebase-common:20.4.2] AndroidManifest.xml:24:13-77
234            android:authorities="com.example.contact.firebaseinitprovider"
234-->[com.google.firebase:firebase-common:20.4.2] AndroidManifest.xml:25:13-72
235            android:directBootAware="true"
235-->[com.google.firebase:firebase-common:20.4.2] AndroidManifest.xml:26:13-43
236            android:exported="false"
236-->[com.google.firebase:firebase-common:20.4.2] AndroidManifest.xml:27:13-37
237            android:initOrder="100" />
237-->[com.google.firebase:firebase-common:20.4.2] AndroidManifest.xml:28:13-36
238
239        <activity
239-->[com.google.android.gms:play-services-base:18.0.1] AndroidManifest.xml:20:9-22:45
240            android:name="com.google.android.gms.common.api.GoogleApiActivity"
240-->[com.google.android.gms:play-services-base:18.0.1] AndroidManifest.xml:20:19-85
241            android:exported="false"
241-->[com.google.android.gms:play-services-base:18.0.1] AndroidManifest.xml:22:19-43
242            android:theme="@android:style/Theme.Translucent.NoTitleBar" />
242-->[com.google.android.gms:play-services-base:18.0.1] AndroidManifest.xml:21:19-78
243
244        <meta-data
244-->[com.google.android.gms:play-services-basement:18.1.0] AndroidManifest.xml:21:9-23:69
245            android:name="com.google.android.gms.version"
245-->[com.google.android.gms:play-services-basement:18.1.0] AndroidManifest.xml:22:13-58
246            android:value="@integer/google_play_services_version" />
246-->[com.google.android.gms:play-services-basement:18.1.0] AndroidManifest.xml:23:13-66
247
248        <uses-library
248-->[androidx.window:window:1.0.0-beta04] AndroidManifest.xml:25:9-27:40
249            android:name="androidx.window.extensions"
249-->[androidx.window:window:1.0.0-beta04] AndroidManifest.xml:26:13-54
250            android:required="false" />
250-->[androidx.window:window:1.0.0-beta04] AndroidManifest.xml:27:13-37
251        <uses-library
251-->[androidx.window:window:1.0.0-beta04] AndroidManifest.xml:28:9-30:40
252            android:name="androidx.window.sidecar"
252-->[androidx.window:window:1.0.0-beta04] AndroidManifest.xml:29:13-51
253            android:required="false" />
253-->[androidx.window:window:1.0.0-beta04] AndroidManifest.xml:30:13-37
254
255        <provider
255-->[androidx.profileinstaller:profileinstaller:1.3.0] AndroidManifest.xml:24:9-32:20
256            android:name="androidx.startup.InitializationProvider"
256-->[androidx.profileinstaller:profileinstaller:1.3.0] AndroidManifest.xml:25:13-67
257            android:authorities="com.example.contact.androidx-startup"
257-->[androidx.profileinstaller:profileinstaller:1.3.0] AndroidManifest.xml:26:13-68
258            android:exported="false" >
258-->[androidx.profileinstaller:profileinstaller:1.3.0] AndroidManifest.xml:27:13-37
259            <meta-data
259-->[androidx.profileinstaller:profileinstaller:1.3.0] AndroidManifest.xml:29:13-31:52
260                android:name="androidx.profileinstaller.ProfileInstallerInitializer"
260-->[androidx.profileinstaller:profileinstaller:1.3.0] AndroidManifest.xml:30:17-85
261                android:value="androidx.startup" />
261-->[androidx.profileinstaller:profileinstaller:1.3.0] AndroidManifest.xml:31:17-49
262        </provider>
263
264        <receiver
264-->[androidx.profileinstaller:profileinstaller:1.3.0] AndroidManifest.xml:34:9-52:20
265            android:name="androidx.profileinstaller.ProfileInstallReceiver"
265-->[androidx.profileinstaller:profileinstaller:1.3.0] AndroidManifest.xml:35:13-76
266            android:directBootAware="false"
266-->[androidx.profileinstaller:profileinstaller:1.3.0] AndroidManifest.xml:36:13-44
267            android:enabled="true"
267-->[androidx.profileinstaller:profileinstaller:1.3.0] AndroidManifest.xml:37:13-35
268            android:exported="true"
268-->[androidx.profileinstaller:profileinstaller:1.3.0] AndroidManifest.xml:38:13-36
269            android:permission="android.permission.DUMP" >
269-->[androidx.profileinstaller:profileinstaller:1.3.0] AndroidManifest.xml:39:13-57
270            <intent-filter>
270-->[androidx.profileinstaller:profileinstaller:1.3.0] AndroidManifest.xml:40:13-42:29
271                <action android:name="androidx.profileinstaller.action.INSTALL_PROFILE" />
271-->[androidx.profileinstaller:profileinstaller:1.3.0] AndroidManifest.xml:41:17-91
271-->[androidx.profileinstaller:profileinstaller:1.3.0] AndroidManifest.xml:41:25-88
272            </intent-filter>
273            <intent-filter>
273-->[androidx.profileinstaller:profileinstaller:1.3.0] AndroidManifest.xml:43:13-45:29
274                <action android:name="androidx.profileinstaller.action.SKIP_FILE" />
274-->[androidx.profileinstaller:profileinstaller:1.3.0] AndroidManifest.xml:44:17-85
274-->[androidx.profileinstaller:profileinstaller:1.3.0] AndroidManifest.xml:44:25-82
275            </intent-filter>
276            <intent-filter>
276-->[androidx.profileinstaller:profileinstaller:1.3.0] AndroidManifest.xml:46:13-48:29
277                <action android:name="androidx.profileinstaller.action.SAVE_PROFILE" />
277-->[androidx.profileinstaller:profileinstaller:1.3.0] AndroidManifest.xml:47:17-88
277-->[androidx.profileinstaller:profileinstaller:1.3.0] AndroidManifest.xml:47:25-85
278            </intent-filter>
279            <intent-filter>
279-->[androidx.profileinstaller:profileinstaller:1.3.0] AndroidManifest.xml:49:13-51:29
280                <action android:name="androidx.profileinstaller.action.BENCHMARK_OPERATION" />
280-->[androidx.profileinstaller:profileinstaller:1.3.0] AndroidManifest.xml:50:17-95
280-->[androidx.profileinstaller:profileinstaller:1.3.0] AndroidManifest.xml:50:25-92
281            </intent-filter>
282        </receiver>
283
284        <service
284-->[com.google.android.datatransport:transport-backend-cct:3.1.8] AndroidManifest.xml:28:9-34:19
285            android:name="com.google.android.datatransport.runtime.backends.TransportBackendDiscovery"